0 info it worked if it ends with ok
1 verbose cli [ '/usr/local/bin/node', '/usr/local/bin/npm', 'run', 'devbuild' ]
2 info using npm@3.7.3
3 info using node@v5.9.1
4 verbose run-script [ 'predevbuild', 'devbuild', 'postdevbuild' ]
5 info lifecycle foodLog@1.0.0~predevbuild: foodLog@1.0.0
6 silly lifecycle foodLog@1.0.0~predevbuild: no script for predevbuild, continuing
7 info lifecycle foodLog@1.0.0~devbuild: foodLog@1.0.0
8 verbose lifecycle foodLog@1.0.0~devbuild: unsafe-perm in lifecycle true
9 verbose lifecycle foodLog@1.0.0~devbuild: PATH: /usr/local/lib/node_modules/npm/bin/node-gyp-bin:/Users/felice/Development/foodLog/node_modules/.bin:/usr/local/bin:/usr/bin:/bin:/usr/sbin:/sbin:/usr/local/bin:/usr/local/git/bin
10 verbose lifecycle foodLog@1.0.0~devbuild: CWD: /Users/felice/Development/foodLog
11 silly lifecycle foodLog@1.0.0~devbuild: Args: [ '-c', 'webpack-dev-server --config webpack.config.dev.js' ]
12 silly lifecycle foodLog@1.0.0~devbuild: Returned: code: 1  signal: null
13 info lifecycle foodLog@1.0.0~devbuild: Failed to exec devbuild script
14 verbose stack Error: foodLog@1.0.0 devbuild: `webpack-dev-server --config webpack.config.dev.js`
14 verbose stack Exit status 1
14 verbose stack     at EventEmitter.<anonymous> (/usr/local/lib/node_modules/npm/lib/utils/lifecycle.js:239:16)
14 verbose stack     at emitTwo (events.js:100:13)
14 verbose stack     at EventEmitter.emit (events.js:185:7)
14 verbose stack     at ChildProcess.<anonymous> (/usr/local/lib/node_modules/npm/lib/utils/spawn.js:24:14)
14 verbose stack     at emitTwo (events.js:100:13)
14 verbose stack     at ChildProcess.emit (events.js:185:7)
14 verbose stack     at maybeClose (internal/child_process.js:850:16)
14 verbose stack     at Process.ChildProcess._handle.onexit (internal/child_process.js:215:5)
15 verbose pkgid foodLog@1.0.0
16 verbose cwd /Users/felice/Development/foodLog
17 error Darwin 15.5.0
18 error argv "/usr/local/bin/node" "/usr/local/bin/npm" "run" "devbuild"
19 error node v5.9.1
20 error npm  v3.7.3
21 error code ELIFECYCLE
22 error foodLog@1.0.0 devbuild: `webpack-dev-server --config webpack.config.dev.js`
22 error Exit status 1
23 error Failed at the foodLog@1.0.0 devbuild script 'webpack-dev-server --config webpack.config.dev.js'.
23 error Make sure you have the latest version of node.js and npm installed.
23 error If you do, this is most likely a problem with the foodLog package,
23 error not with npm itself.
23 error Tell the author that this fails on your system:
23 error     webpack-dev-server --config webpack.config.dev.js
23 error You can get information on how to open an issue for this project with:
23 error     npm bugs foodLog
23 error Or if that isn't available, you can get their info via:
23 error     npm owner ls foodLog
23 error There is likely additional logging output above.
24 verbose exit [ 1, true ]
